<?xml version="1.0" encoding="UTF-8"?>
<!-- Generated by org.testng.reporters.JUnitReportReporter -->
<testsuite hostname="HiNaL" failures="0" tests="1" name="FirstMavenPack.SurefireCommands" time="0.001" errors="0" timestamp="2020-12-28T17:36:11 GMT-08:00" skipped="0">
  <testcase classname="FirstMavenPack.SurefireCommands" name="check" time="0.001"/>
  <system-out/>
</testsuite> <!-- FirstMavenPack.SurefireCommands -->
