<?xml version="1.0" encoding="UTF-8"?>
<!-- Generated by org.testng.reporters.JUnitReportReporter -->
<testsuite hostname="HiNaL" failures="0" tests="3" name="FirstMavenPack.Selenium2Test" time="0.008" errors="0" timestamp="2020-12-28T17:36:11 GMT-08:00" skipped="0">
  <testcase classname="FirstMavenPack.Selenium2Test" name="deleteInsta" time="0.000"/>
  <system-out/>
  <testcase classname="FirstMavenPack.Selenium2Test" name="deleteFacebook" time="0.007"/>
  <system-out/>
  <testcase classname="FirstMavenPack.Selenium2Test" name="deleteTwitter" time="0.001"/>
  <system-out/>
</testsuite> <!-- FirstMavenPack.Selenium2Test -->
